<?xml version="1.0" encoding="utf-8"?><testsuites><testsuite errors="0" failures="0" hostname="DESKTOP-595N21T" name="pytest" skipped="0" tests="4" time="4.517" timestamp="2020-05-19T18:28:47.348432"><testcase classname="test_submit" file="test_submit.py" line="3" name="test_q1" time="0.002"></testcase><testcase classname="test_submit" file="test_submit.py" line="8" name="test_q2" time="0.001"></testcase><testcase classname="test_submit" file="test_submit.py" line="13" name="test_q3" time="0.001"></testcase><testcase classname="test_submit" file="test_submit.py" line="18" name="test_q4" time="0.003"></testcase></testsuite></testsuites>